Removed Pin From Net: NetName=VCC Pin=D1-2
Removed Pin From Net: NetName=+5 Pin=D3-1
Removed Pin From Net: NetName=+3V3 Pin=D4-1
Change Component Footprint: Designator=D1 Old Footprint=SMB New Footprint=DIO_MBR0540-TP
Change Component Comment : Designator=D1 Old Comment=D Schottky New Comment=MBR0540-TP
Change component parameters: Designator = "D1" ("D1"); Footprint = "SMB"; UniqueID = "\LOSXBCJR" ("\LOSXBCJR")
Change component parameters (AddParameter): Name = "Check_prices"; Value = "https://www.snapeda.com/parts/MBR0540-TP/Micro+Commercial+Components/view-part/?ref=eda"; VariantName = "[No Variations]"
Change component parameters (AddParameter): Name = "MF"; Value = "Micro Commercial"; VariantName = "[No Variations]"
Change component parameters (AddParameter): Name = "MP"; Value = "MBR0540-TP"; VariantName = "[No Variations]"
Change component parameters (AddParameter): Name = "Package"; Value = "SOD-123 Multicomp"; VariantName = "[No Variations]"
Change component parameters (AddParameter): Name = "SnapEDA_Link"; Value = "https://www.snapeda.com/parts/MBR0540-TP/Micro+Commercial+Components/view-part/?ref=snap"; VariantName = "[No Variations]"
Change component parameters (AddParameter): Name = "Value"; Value = ""; VariantName = "[No Variations]"
Added Component: Designator=D3(DIO_MBR0540-TP)
Add component (AddParameter): Name = "Check_prices"; Value = "https://www.snapeda.com/parts/MBR0540-TP/Micro+Commercial+Components/view-part/?ref=eda"; VariantName = "[No Variations]"
Add component (AddParameter): Name = "MF"; Value = "Micro Commercial"; VariantName = "[No Variations]"
Add component (AddParameter): Name = "MP"; Value = "MBR0540-TP"; VariantName = "[No Variations]"
Add component (AddParameter): Name = "Package"; Value = "SOD-123 Multicomp"; VariantName = "[No Variations]"
Add component (AddParameter): Name = "SnapEDA_Link"; Value = "https://www.snapeda.com/parts/MBR0540-TP/Micro+Commercial+Components/view-part/?ref=snap"; VariantName = "[No Variations]"
Add component (AddParameter): Name = "Value"; Value = ""; VariantName = "[No Variations]"
Added Component: Designator=D4(DIO_MBR0540-TP)
Add component (AddParameter): Name = "Check_prices"; Value = "https://www.snapeda.com/parts/MBR0540-TP/Micro+Commercial+Components/view-part/?ref=eda"; VariantName = "[No Variations]"
Add component (AddParameter): Name = "MF"; Value = "Micro Commercial"; VariantName = "[No Variations]"
Add component (AddParameter): Name = "MP"; Value = "MBR0540-TP"; VariantName = "[No Variations]"
Add component (AddParameter): Name = "Package"; Value = "SOD-123 Multicomp"; VariantName = "[No Variations]"
Add component (AddParameter): Name = "SnapEDA_Link"; Value = "https://www.snapeda.com/parts/MBR0540-TP/Micro+Commercial+Components/view-part/?ref=snap"; VariantName = "[No Variations]"
Add component (AddParameter): Name = "Value"; Value = ""; VariantName = "[No Variations]"
Added Pin To Net: NetName=VCC Pin=D1-C
Added Pin To Net: NetName=+5 Pin=D3-A
Added Pin To Net: NetName=+3V3 Pin=D4-A
Add Pin To Net: Unknown Pin: Pin U1-
Add Pin To Net: Unknown Pin: Pin U2-
Added Pin To Net: NetName=NetD1_A Pin=D1-A
Added Pin To Net: NetName=NetD1_A Pin=RBF1-1
Added Net: Name=NetD1_A
Added Pin To Net: NetName=NetD3_C Pin=D3-C
Added Pin To Net: NetName=NetD3_C Pin=P1-1
Added Net: Name=NetD3_C
Added Pin To Net: NetName=NetD4_C Pin=D4-C
Added Pin To Net: NetName=NetD4_C Pin=P1-2
Added Net: Name=NetD4_C
